{"/Users/harikomi/Documents/Project/burger-restaurant/src/services/actions/burger-constructor.ts": {"path":"/Users/harikomi/Documents/Project/burger-restaurant/src/services/actions/burger-constructor.ts","statementMap":{"0":{"start":{"line":1,"column":0},"end":{"line":1,"column":36}},"1":{"start":{"line":3,"column":13},"end":{"line":3,"column":86}},"2":{"start":{"line":4,"column":13},"end":{"line":4,"column":65}},"3":{"start":{"line":5,"column":13},"end":{"line":5,"column":95}},"4":{"start":{"line":7,"column":13},"end":{"line":7,"column":89}},"5":{"start":{"line":9,"column":13},"end":{"line":9,"column":95}},"6":{"start":{"line":37,"column":29},"end":{"line":45,"column":1}},"7":{"start":{"line":38,"column":2},"end":{"line":44,"column":4}},"8":{"start":{"line":37,"column":13},"end":{"line":37,"column":29}}},"fnMap":{"0":{"name":"(anonymous_0)","decl":{"start":{"line":37,"column":29},"end":{"line":37,"column":30}},"loc":{"start":{"line":37,"column":67},"end":{"line":45,"column":1}}}},"branchMap":{},"s":{"0":1,"1":1,"2":1,"3":1,"4":1,"5":1,"6":1,"7":0,"8":1},"f":{"0":0},"b":{}}
,"/Users/harikomi/Documents/Project/burger-restaurant/src/services/actions/form.ts": {"path":"/Users/harikomi/Documents/Project/burger-restaurant/src/services/actions/form.ts","statementMap":{"0":{"start":{"line":1,"column":0},"end":{"line":1,"column":46}},"1":{"start":{"line":2,"column":0},"end":{"line":2,"column":55}},"2":{"start":{"line":5,"column":13},"end":{"line":5,"column":65}},"3":{"start":{"line":7,"column":13},"end":{"line":7,"column":80}},"4":{"start":{"line":8,"column":13},"end":{"line":8,"column":80}},"5":{"start":{"line":9,"column":13},"end":{"line":9,"column":74}},"6":{"start":{"line":11,"column":13},"end":{"line":12,"column":25}},"7":{"start":{"line":14,"column":13},"end":{"line":14,"column":77}},"8":{"start":{"line":15,"column":13},"end":{"line":15,"column":53}},"9":{"start":{"line":17,"column":13},"end":{"line":17,"column":77}},"10":{"start":{"line":66,"column":28},"end":{"line":73,"column":2}},"11":{"start":{"line":69,"column":21},"end":{"line":73,"column":2}},"12":{"start":{"line":66,"column":13},"end":{"line":66,"column":28}},"13":{"start":{"line":76,"column":2},"end":{"line":103,"column":3}},"14":{"start":{"line":76,"column":35},"end":{"line":103,"column":3}},"15":{"start":{"line":77,"column":4},"end":{"line":79,"column":7}},"16":{"start":{"line":81,"column":4},"end":{"line":102,"column":9}},"17":{"start":{"line":89,"column":8},"end":{"line":92,"column":11}},"18":{"start":{"line":94,"column":8},"end":{"line":94,"column":75}},"19":{"start":{"line":95,"column":8},"end":{"line":95,"column":63}},"20":{"start":{"line":98,"column":8},"end":{"line":101,"column":11}},"21":{"start":{"line":75,"column":13},"end":{"line":75,"column":null}},"22":{"start":{"line":106,"column":2},"end":{"line":133,"column":3}},"23":{"start":{"line":106,"column":35},"end":{"line":133,"column":3}},"24":{"start":{"line":107,"column":4},"end":{"line":109,"column":7}},"25":{"start":{"line":110,"column":4},"end":{"line":132,"column":9}},"26":{"start":{"line":118,"column":8},"end":{"line":121,"column":11}},"27":{"start":{"line":122,"column":8},"end":{"line":122,"column":75}},"28":{"start":{"line":123,"column":8},"end":{"line":123,"column":63}},"29":{"start":{"line":124,"column":8},"end":{"line":124,"column":48}},"30":{"start":{"line":125,"column":8},"end":{"line":125,"column":29}},"31":{"start":{"line":128,"column":8},"end":{"line":131,"column":11}},"32":{"start":{"line":105,"column":13},"end":{"line":105,"column":null}},"33":{"start":{"line":136,"column":2},"end":{"line":164,"column":3}},"34":{"start":{"line":136,"column":35},"end":{"line":164,"column":3}},"35":{"start":{"line":137,"column":4},"end":{"line":139,"column":7}},"36":{"start":{"line":140,"column":4},"end":{"line":163,"column":5}},"37":{"start":{"line":141,"column":6},"end":{"line":162,"column":11}},"38":{"start":{"line":149,"column":10},"end":{"line":152,"column":13}},"39":{"start":{"line":153,"column":10},"end":{"line":153,"column":58}},"40":{"start":{"line":154,"column":10},"end":{"line":154,"column":64}},"41":{"start":{"line":155,"column":10},"end":{"line":155,"column":31}},"42":{"start":{"line":158,"column":10},"end":{"line":161,"column":13}},"43":{"start":{"line":135,"column":13},"end":{"line":135,"column":null}},"44":{"start":{"line":167,"column":2},"end":{"line":192,"column":3}},"45":{"start":{"line":167,"column":35},"end":{"line":192,"column":3}},"46":{"start":{"line":168,"column":4},"end":{"line":170,"column":7}},"47":{"start":{"line":171,"column":4},"end":{"line":191,"column":9}},"48":{"start":{"line":179,"column":8},"end":{"line":182,"column":11}},"49":{"start":{"line":183,"column":8},"end":{"line":183,"column":53}},"50":{"start":{"line":184,"column":8},"end":{"line":184,"column":29}},"51":{"start":{"line":187,"column":8},"end":{"line":190,"column":11}},"52":{"start":{"line":166,"column":13},"end":{"line":166,"column":null}},"53":{"start":{"line":194,"column":28},"end":{"line":222,"column":1}},"54":{"start":{"line":194,"column":44},"end":{"line":222,"column":1}},"55":{"start":{"line":195,"column":23},"end":{"line":195,"column":47}},"56":{"start":{"line":197,"column":2},"end":{"line":199,"column":5}},"57":{"start":{"line":200,"column":2},"end":{"line":221,"column":7}},"58":{"start":{"line":208,"column":6},"end":{"line":210,"column":9}},"59":{"start":{"line":211,"column":6},"end":{"line":211,"column":49}},"60":{"start":{"line":212,"column":6},"end":{"line":212,"column":50}},"61":{"start":{"line":213,"column":6},"end":{"line":213,"column":51}},"62":{"start":{"line":214,"column":6},"end":{"line":214,"column":27}},"63":{"start":{"line":217,"column":6},"end":{"line":220,"column":9}},"64":{"start":{"line":194,"column":13},"end":{"line":194,"column":28}},"65":{"start":{"line":224,"column":34},"end":{"line":252,"column":1}},"66":{"start":{"line":224,"column":50},"end":{"line":252,"column":1}},"67":{"start":{"line":225,"column":23},"end":{"line":225,"column":47}},"68":{"start":{"line":226,"column":2},"end":{"line":228,"column":5}},"69":{"start":{"line":229,"column":2},"end":{"line":251,"column":7}},"70":{"start":{"line":237,"column":6},"end":{"line":240,"column":9}},"71":{"start":{"line":242,"column":6},"end":{"line":242,"column":73}},"72":{"start":{"line":243,"column":6},"end":{"line":243,"column":61}},"73":{"start":{"line":244,"column":6},"end":{"line":244,"column":27}},"74":{"start":{"line":247,"column":6},"end":{"line":250,"column":9}},"75":{"start":{"line":224,"column":13},"end":{"line":224,"column":34}},"76":{"start":{"line":255,"column":2},"end":{"line":288,"column":3}},"77":{"start":{"line":255,"column":36},"end":{"line":288,"column":3}},"78":{"start":{"line":256,"column":18},"end":{"line":256,"column":41}},"79":{"start":{"line":257,"column":4},"end":{"line":287,"column":5}},"80":{"start":{"line":258,"column":6},"end":{"line":260,"column":9}},"81":{"start":{"line":261,"column":6},"end":{"line":284,"column":11}},"82":{"start":{"line":270,"column":23},"end":{"line":273,"column":null}},"83":{"start":{"line":274,"column":10},"end":{"line":277,"column":13}},"84":{"start":{"line":280,"column":10},"end":{"line":283,"column":13}},"85":{"start":{"line":286,"column":6},"end":{"line":286,"column":37}},"86":{"start":{"line":254,"column":13},"end":{"line":254,"column":null}}},"fnMap":{"0":{"name":"(anonymous_0)","decl":{"start":{"line":66,"column":28},"end":{"line":66,"column":null}},"loc":{"start":{"line":69,"column":21},"end":{"line":73,"column":2}}},"1":{"name":"(anonymous_1)","decl":{"start":{"line":76,"column":2},"end":{"line":76,"column":3}},"loc":{"start":{"line":76,"column":35},"end":{"line":103,"column":3}}},"2":{"name":"(anonymous_2)","decl":{"start":{"line":76,"column":35},"end":{"line":76,"column":36}},"loc":{"start":{"line":76,"column":61},"end":{"line":103,"column":3}}},"3":{"name":"(anonymous_3)","decl":{"start":{"line":88,"column":12},"end":{"line":88,"column":13}},"loc":{"start":{"line":88,"column":21},"end":{"line":96,"column":7}}},"4":{"name":"(anonymous_4)","decl":{"start":{"line":97,"column":13},"end":{"line":97,"column":14}},"loc":{"start":{"line":97,"column":33},"end":{"line":102,"column":7}}},"5":{"name":"(anonymous_5)","decl":{"start":{"line":106,"column":2},"end":{"line":106,"column":3}},"loc":{"start":{"line":106,"column":35},"end":{"line":133,"column":3}}},"6":{"name":"(anonymous_6)","decl":{"start":{"line":106,"column":35},"end":{"line":106,"column":36}},"loc":{"start":{"line":106,"column":61},"end":{"line":133,"column":3}}},"7":{"name":"(anonymous_7)","decl":{"start":{"line":117,"column":12},"end":{"line":117,"column":13}},"loc":{"start":{"line":117,"column":21},"end":{"line":126,"column":7}}},"8":{"name":"(anonymous_8)","decl":{"start":{"line":127,"column":13},"end":{"line":127,"column":14}},"loc":{"start":{"line":127,"column":33},"end":{"line":132,"column":7}}},"9":{"name":"(anonymous_9)","decl":{"start":{"line":136,"column":2},"end":{"line":136,"column":3}},"loc":{"start":{"line":136,"column":35},"end":{"line":164,"column":3}}},"10":{"name":"(anonymous_10)","decl":{"start":{"line":136,"column":35},"end":{"line":136,"column":36}},"loc":{"start":{"line":136,"column":61},"end":{"line":164,"column":3}}},"11":{"name":"(anonymous_11)","decl":{"start":{"line":148,"column":14},"end":{"line":148,"column":15}},"loc":{"start":{"line":148,"column":23},"end":{"line":156,"column":9}}},"12":{"name":"(anonymous_12)","decl":{"start":{"line":157,"column":15},"end":{"line":157,"column":16}},"loc":{"start":{"line":157,"column":35},"end":{"line":162,"column":9}}},"13":{"name":"(anonymous_13)","decl":{"start":{"line":167,"column":2},"end":{"line":167,"column":3}},"loc":{"start":{"line":167,"column":35},"end":{"line":192,"column":3}}},"14":{"name":"(anonymous_14)","decl":{"start":{"line":167,"column":35},"end":{"line":167,"column":36}},"loc":{"start":{"line":167,"column":61},"end":{"line":192,"column":3}}},"15":{"name":"(anonymous_15)","decl":{"start":{"line":178,"column":12},"end":{"line":178,"column":13}},"loc":{"start":{"line":178,"column":21},"end":{"line":185,"column":7}}},"16":{"name":"(anonymous_16)","decl":{"start":{"line":186,"column":13},"end":{"line":186,"column":14}},"loc":{"start":{"line":186,"column":33},"end":{"line":191,"column":7}}},"17":{"name":"(anonymous_17)","decl":{"start":{"line":194,"column":28},"end":{"line":194,"column":41}},"loc":{"start":{"line":194,"column":44},"end":{"line":222,"column":1}}},"18":{"name":"(anonymous_18)","decl":{"start":{"line":194,"column":44},"end":{"line":194,"column":45}},"loc":{"start":{"line":194,"column":70},"end":{"line":222,"column":1}}},"19":{"name":"(anonymous_19)","decl":{"start":{"line":207,"column":10},"end":{"line":207,"column":13}},"loc":{"start":{"line":207,"column":15},"end":{"line":215,"column":5}}},"20":{"name":"(anonymous_20)","decl":{"start":{"line":216,"column":11},"end":{"line":216,"column":12}},"loc":{"start":{"line":216,"column":31},"end":{"line":221,"column":5}}},"21":{"name":"(anonymous_21)","decl":{"start":{"line":224,"column":34},"end":{"line":224,"column":47}},"loc":{"start":{"line":224,"column":50},"end":{"line":252,"column":1}}},"22":{"name":"(anonymous_22)","decl":{"start":{"line":224,"column":50},"end":{"line":224,"column":51}},"loc":{"start":{"line":224,"column":76},"end":{"line":252,"column":1}}},"23":{"name":"(anonymous_23)","decl":{"start":{"line":236,"column":10},"end":{"line":236,"column":11}},"loc":{"start":{"line":236,"column":19},"end":{"line":245,"column":5}}},"24":{"name":"(anonymous_24)","decl":{"start":{"line":246,"column":11},"end":{"line":246,"column":12}},"loc":{"start":{"line":246,"column":31},"end":{"line":251,"column":5}}},"25":{"name":"(anonymous_25)","decl":{"start":{"line":255,"column":2},"end":{"line":255,"column":3}},"loc":{"start":{"line":255,"column":36},"end":{"line":288,"column":3}}},"26":{"name":"(anonymous_26)","decl":{"start":{"line":255,"column":36},"end":{"line":255,"column":37}},"loc":{"start":{"line":255,"column":62},"end":{"line":288,"column":3}}},"27":{"name":"(anonymous_27)","decl":{"start":{"line":269,"column":14},"end":{"line":269,"column":15}},"loc":{"start":{"line":269,"column":27},"end":{"line":278,"column":9}}},"28":{"name":"(anonymous_28)","decl":{"start":{"line":279,"column":15},"end":{"line":279,"column":16}},"loc":{"start":{"line":279,"column":35},"end":{"line":284,"column":9}}}},"branchMap":{"0":{"loc":{"start":{"line":140,"column":4},"end":{"line":163,"column":5}},"type":"if","locations":[{"start":{"line":140,"column":4},"end":{"line":163,"column":5}}]},"1":{"loc":{"start":{"line":257,"column":4},"end":{"line":287,"column":5}},"type":"if","locations":[{"start":{"line":257,"column":4},"end":{"line":287,"column":5}},{"start":{"line":285,"column":11},"end":{"line":287,"column":5}}]}},"s":{"0":1,"1":1,"2":1,"3":1,"4":1,"5":1,"6":1,"7":1,"8":1,"9":1,"10":1,"11":0,"12":1,"13":1,"14":0,"15":0,"16":0,"17":0,"18":0,"19":0,"20":0,"21":1,"22":1,"23":0,"24":0,"25":0,"26":0,"27":0,"28":0,"29":0,"30":0,"31":0,"32":1,"33":1,"34":0,"35":0,"36":0,"37":0,"38":0,"39":0,"40":0,"41":0,"42":0,"43":1,"44":1,"45":0,"46":0,"47":0,"48":0,"49":0,"50":0,"51":0,"52":1,"53":1,"54":0,"55":0,"56":0,"57":0,"58":0,"59":0,"60":0,"61":0,"62":0,"63":0,"64":1,"65":1,"66":0,"67":0,"68":0,"69":0,"70":0,"71":0,"72":0,"73":0,"74":0,"75":1,"76":1,"77":0,"78":0,"79":0,"80":0,"81":0,"82":0,"83":0,"84":0,"85":0,"86":1},"f":{"0":0,"1":0,"2":0,"3":0,"4":0,"5":0,"6":0,"7":0,"8":0,"9":0,"10":0,"11":0,"12":0,"13":0,"14":0,"15":0,"16":0,"17":0,"18":0,"19":0,"20":0,"21":0,"22":0,"23":0,"24":0,"25":0,"26":0,"27":0,"28":0},"b":{"0":[0],"1":[0,0]}}
,"/Users/harikomi/Documents/Project/burger-restaurant/src/services/actions/ingredient-detail.ts": {"path":"/Users/harikomi/Documents/Project/burger-restaurant/src/services/actions/ingredient-detail.ts","statementMap":{"0":{"start":{"line":2,"column":0},"end":{"line":2,"column":46}},"1":{"start":{"line":4,"column":13},"end":{"line":5,"column":28}},"2":{"start":{"line":6,"column":13},"end":{"line":7,"column":31}},"3":{"start":{"line":8,"column":13},"end":{"line":9,"column":26}},"4":{"start":{"line":10,"column":13},"end":{"line":10,"column":74}},"5":{"start":{"line":11,"column":13},"end":{"line":11,"column":74}},"6":{"start":{"line":12,"column":13},"end":{"line":12,"column":68}},"7":{"start":{"line":46,"column":24},"end":{"line":68,"column":1}},"8":{"start":{"line":46,"column":45},"end":{"line":68,"column":1}},"9":{"start":{"line":47,"column":2},"end":{"line":49,"column":5}},"10":{"start":{"line":50,"column":2},"end":{"line":67,"column":7}},"11":{"start":{"line":52,"column":6},"end":{"line":61,"column":7}},"12":{"start":{"line":53,"column":8},"end":{"line":56,"column":11}},"13":{"start":{"line":58,"column":8},"end":{"line":60,"column":11}},"14":{"start":{"line":64,"column":6},"end":{"line":66,"column":9}},"15":{"start":{"line":46,"column":13},"end":{"line":46,"column":24}}},"fnMap":{"0":{"name":"(anonymous_0)","decl":{"start":{"line":46,"column":24},"end":{"line":46,"column":25}},"loc":{"start":{"line":46,"column":45},"end":{"line":68,"column":1}}},"1":{"name":"(anonymous_1)","decl":{"start":{"line":46,"column":45},"end":{"line":46,"column":46}},"loc":{"start":{"line":46,"column":71},"end":{"line":68,"column":1}}},"2":{"name":"(anonymous_2)","decl":{"start":{"line":51,"column":10},"end":{"line":51,"column":11}},"loc":{"start":{"line":51,"column":19},"end":{"line":62,"column":5}}},"3":{"name":"(anonymous_3)","decl":{"start":{"line":63,"column":11},"end":{"line":63,"column":14}},"loc":{"start":{"line":63,"column":16},"end":{"line":67,"column":5}}}},"branchMap":{"0":{"loc":{"start":{"line":52,"column":6},"end":{"line":61,"column":7}},"type":"if","locations":[{"start":{"line":52,"column":6},"end":{"line":61,"column":7}},{"start":{"line":57,"column":13},"end":{"line":61,"column":7}}]}},"s":{"0":1,"1":1,"2":1,"3":1,"4":1,"5":1,"6":1,"7":1,"8":0,"9":0,"10":0,"11":0,"12":0,"13":0,"14":0,"15":1},"f":{"0":0,"1":0,"2":0,"3":0},"b":{"0":[0,0]}}
,"/Users/harikomi/Documents/Project/burger-restaurant/src/services/actions/ingredients.ts": {"path":"/Users/harikomi/Documents/Project/burger-restaurant/src/services/actions/ingredients.ts","statementMap":{"0":{"start":{"line":1,"column":0},"end":{"line":1,"column":46}},"1":{"start":{"line":3,"column":13},"end":{"line":4,"column":28}},"2":{"start":{"line":5,"column":13},"end":{"line":6,"column":26}},"3":{"start":{"line":7,"column":13},"end":{"line":8,"column":28}},"4":{"start":{"line":27,"column":30},"end":{"line":50,"column":1}},"5":{"start":{"line":27,"column":36},"end":{"line":50,"column":1}},"6":{"start":{"line":28,"column":2},"end":{"line":30,"column":5}},"7":{"start":{"line":31,"column":2},"end":{"line":49,"column":7}},"8":{"start":{"line":33,"column":6},"end":{"line":43,"column":7}},"9":{"start":{"line":34,"column":8},"end":{"line":34,"column":null}},"10":{"start":{"line":35,"column":8},"end":{"line":38,"column":11}},"11":{"start":{"line":40,"column":8},"end":{"line":42,"column":11}},"12":{"start":{"line":46,"column":6},"end":{"line":48,"column":9}},"13":{"start":{"line":27,"column":13},"end":{"line":27,"column":30}}},"fnMap":{"0":{"name":"(anonymous_0)","decl":{"start":{"line":27,"column":30},"end":{"line":27,"column":33}},"loc":{"start":{"line":27,"column":36},"end":{"line":50,"column":1}}},"1":{"name":"(anonymous_1)","decl":{"start":{"line":27,"column":36},"end":{"line":27,"column":37}},"loc":{"start":{"line":27,"column":62},"end":{"line":50,"column":1}}},"2":{"name":"(anonymous_2)","decl":{"start":{"line":32,"column":10},"end":{"line":32,"column":11}},"loc":{"start":{"line":32,"column":19},"end":{"line":44,"column":5}}},"3":{"name":"(anonymous_3)","decl":{"start":{"line":45,"column":11},"end":{"line":45,"column":14}},"loc":{"start":{"line":45,"column":16},"end":{"line":49,"column":5}}}},"branchMap":{"0":{"loc":{"start":{"line":33,"column":6},"end":{"line":43,"column":7}},"type":"if","locations":[{"start":{"line":33,"column":6},"end":{"line":43,"column":7}},{"start":{"line":39,"column":13},"end":{"line":43,"column":7}}]}},"s":{"0":1,"1":1,"2":1,"3":1,"4":1,"5":0,"6":0,"7":0,"8":0,"9":0,"10":0,"11":0,"12":0,"13":1},"f":{"0":0,"1":0,"2":0,"3":0},"b":{"0":[0,0]}}
,"/Users/harikomi/Documents/Project/burger-restaurant/src/services/actions/order-detail.ts": {"path":"/Users/harikomi/Documents/Project/burger-restaurant/src/services/actions/order-detail.ts","statementMap":{"0":{"start":{"line":1,"column":0},"end":{"line":1,"column":55}},"1":{"start":{"line":2,"column":0},"end":{"line":2,"column":46}},"2":{"start":{"line":4,"column":13},"end":{"line":4,"column":77}},"3":{"start":{"line":5,"column":13},"end":{"line":5,"column":71}},"4":{"start":{"line":6,"column":13},"end":{"line":6,"column":77}},"5":{"start":{"line":7,"column":13},"end":{"line":8,"column":28}},"6":{"start":{"line":34,"column":2},"end":{"line":61,"column":3}},"7":{"start":{"line":34,"column":56},"end":{"line":61,"column":3}},"8":{"start":{"line":35,"column":18},"end":{"line":35,"column":41}},"9":{"start":{"line":36,"column":4},"end":{"line":38,"column":7}},"10":{"start":{"line":39,"column":4},"end":{"line":60,"column":9}},"11":{"start":{"line":48,"column":8},"end":{"line":50,"column":9}},"12":{"start":{"line":49,"column":10},"end":{"line":49,"column":64}},"13":{"start":{"line":51,"column":8},"end":{"line":54,"column":11}},"14":{"start":{"line":57,"column":8},"end":{"line":59,"column":11}},"15":{"start":{"line":33,"column":13},"end":{"line":33,"column":null}}},"fnMap":{"0":{"name":"(anonymous_0)","decl":{"start":{"line":34,"column":2},"end":{"line":34,"column":3}},"loc":{"start":{"line":34,"column":56},"end":{"line":61,"column":3}}},"1":{"name":"(anonymous_1)","decl":{"start":{"line":34,"column":56},"end":{"line":34,"column":57}},"loc":{"start":{"line":34,"column":82},"end":{"line":61,"column":3}}},"2":{"name":"(anonymous_2)","decl":{"start":{"line":47,"column":12},"end":{"line":47,"column":13}},"loc":{"start":{"line":47,"column":21},"end":{"line":55,"column":7}}},"3":{"name":"(anonymous_3)","decl":{"start":{"line":56,"column":13},"end":{"line":56,"column":16}},"loc":{"start":{"line":56,"column":18},"end":{"line":60,"column":7}}}},"branchMap":{"0":{"loc":{"start":{"line":48,"column":8},"end":{"line":50,"column":9}},"type":"if","locations":[{"start":{"line":48,"column":8},"end":{"line":50,"column":9}}]}},"s":{"0":1,"1":1,"2":1,"3":1,"4":1,"5":1,"6":1,"7":0,"8":0,"9":0,"10":0,"11":0,"12":0,"13":0,"14":0,"15":1},"f":{"0":0,"1":0,"2":0,"3":0},"b":{"0":[0]}}
,"/Users/harikomi/Documents/Project/burger-restaurant/src/services/actions/websocket.ts": {"path":"/Users/harikomi/Documents/Project/burger-restaurant/src/services/actions/websocket.ts","statementMap":{"0":{"start":{"line":1,"column":13},"end":{"line":1,"column":80}},"1":{"start":{"line":2,"column":13},"end":{"line":2,"column":86}},"2":{"start":{"line":3,"column":13},"end":{"line":3,"column":80}},"3":{"start":{"line":4,"column":13},"end":{"line":4,"column":83}},"4":{"start":{"line":5,"column":13},"end":{"line":5,"column":59}},"5":{"start":{"line":6,"column":13},"end":{"line":6,"column":62}},"6":{"start":{"line":45,"column":32},"end":{"line":92,"column":1}},"7":{"start":{"line":49,"column":2},"end":{"line":91,"column":19}},"8":{"start":{"line":50,"column":35},"end":{"line":50,"column":39}},"9":{"start":{"line":52,"column":4},"end":{"line":90,"column":6}},"10":{"start":{"line":52,"column":21},"end":{"line":90,"column":5}},"11":{"start":{"line":53,"column":27},"end":{"line":53,"column":32}},"12":{"start":{"line":54,"column":23},"end":{"line":54,"column":29}},"13":{"start":{"line":56,"column":8},"end":{"line":56,"column":17}},"14":{"start":{"line":57,"column":6},"end":{"line":59,"column":7}},"15":{"start":{"line":58,"column":8},"end":{"line":58,"column":43}},"16":{"start":{"line":60,"column":6},"end":{"line":87,"column":7}},"17":{"start":{"line":61,"column":8},"end":{"line":64,"column":10}},"18":{"start":{"line":62,"column":10},"end":{"line":62,"column":59}},"19":{"start":{"line":63,"column":10},"end":{"line":63,"column":53}},"20":{"start":{"line":66,"column":8},"end":{"line":69,"column":10}},"21":{"start":{"line":67,"column":10},"end":{"line":67,"column":52}},"22":{"start":{"line":68,"column":10},"end":{"line":68,"column":54}},"23":{"start":{"line":71,"column":8},"end":{"line":80,"column":10}},"24":{"start":{"line":72,"column":10},"end":{"line":72,"column":44}},"25":{"start":{"line":73,"column":27},"end":{"line":73,"column":32}},"26":{"start":{"line":74,"column":45},"end":{"line":74,"column":61}},"27":{"start":{"line":75,"column":35},"end":{"line":75,"column":40}},"28":{"start":{"line":76,"column":10},"end":{"line":79,"column":13}},"29":{"start":{"line":82,"column":8},"end":{"line":86,"column":10}},"30":{"start":{"line":83,"column":10},"end":{"line":83,"column":54}},"31":{"start":{"line":84,"column":10},"end":{"line":84,"column":54}},"32":{"start":{"line":85,"column":10},"end":{"line":85,"column":24}},"33":{"start":{"line":89,"column":6},"end":{"line":89,"column":19}},"34":{"start":{"line":45,"column":13},"end":{"line":45,"column":32}}},"fnMap":{"0":{"name":"(anonymous_1)","decl":{"start":{"line":45,"column":32},"end":{"line":45,"column":null}},"loc":{"start":{"line":48,"column":16},"end":{"line":92,"column":1}}},"1":{"name":"(anonymous_2)","decl":{"start":{"line":49,"column":10},"end":{"line":49,"column":11}},"loc":{"start":{"line":49,"column":59},"end":{"line":91,"column":3}}},"2":{"name":"(anonymous_3)","decl":{"start":{"line":52,"column":11},"end":{"line":52,"column":12}},"loc":{"start":{"line":52,"column":21},"end":{"line":90,"column":5}}},"3":{"name":"(anonymous_4)","decl":{"start":{"line":52,"column":21},"end":{"line":52,"column":22}},"loc":{"start":{"line":52,"column":44},"end":{"line":90,"column":5}}},"4":{"name":"(anonymous_5)","decl":{"start":{"line":61,"column":24},"end":{"line":61,"column":25}},"loc":{"start":{"line":61,"column":34},"end":{"line":64,"column":9}}},"5":{"name":"(anonymous_6)","decl":{"start":{"line":66,"column":25},"end":{"line":66,"column":26}},"loc":{"start":{"line":66,"column":35},"end":{"line":69,"column":9}}},"6":{"name":"(anonymous_7)","decl":{"start":{"line":71,"column":27},"end":{"line":71,"column":28}},"loc":{"start":{"line":71,"column":37},"end":{"line":80,"column":9}}},"7":{"name":"(anonymous_8)","decl":{"start":{"line":82,"column":25},"end":{"line":82,"column":26}},"loc":{"start":{"line":82,"column":35},"end":{"line":86,"column":9}}}},"branchMap":{"0":{"loc":{"start":{"line":57,"column":6},"end":{"line":59,"column":7}},"type":"if","locations":[{"start":{"line":57,"column":6},"end":{"line":59,"column":7}}]},"1":{"loc":{"start":{"line":60,"column":6},"end":{"line":87,"column":7}},"type":"if","locations":[{"start":{"line":60,"column":6},"end":{"line":87,"column":7}}]}},"s":{"0":1,"1":1,"2":1,"3":1,"4":1,"5":1,"6":1,"7":0,"8":0,"9":0,"10":0,"11":0,"12":0,"13":0,"14":0,"15":0,"16":0,"17":0,"18":0,"19":0,"20":0,"21":0,"22":0,"23":0,"24":0,"25":0,"26":0,"27":0,"28":0,"29":0,"30":0,"31":0,"32":0,"33":0,"34":1},"f":{"0":0,"1":0,"2":0,"3":0,"4":0,"5":0,"6":0,"7":0},"b":{"0":[0],"1":[0]}}
,"/Users/harikomi/Documents/Project/burger-restaurant/src/services/actions/websocketUser.ts": {"path":"/Users/harikomi/Documents/Project/burger-restaurant/src/services/actions/websocketUser.ts","statementMap":{"0":{"start":{"line":1,"column":13},"end":{"line":2,"column":36}},"1":{"start":{"line":3,"column":13},"end":{"line":4,"column":30}},"2":{"start":{"line":5,"column":13},"end":{"line":6,"column":38}},"3":{"start":{"line":7,"column":13},"end":{"line":8,"column":37}},"4":{"start":{"line":9,"column":13},"end":{"line":10,"column":36}},"5":{"start":{"line":11,"column":13},"end":{"line":12,"column":29}},"6":{"start":{"line":13,"column":0},"end":{"line":13,"column":55}},"7":{"start":{"line":50,"column":36},"end":{"line":97,"column":1}},"8":{"start":{"line":54,"column":2},"end":{"line":96,"column":19}},"9":{"start":{"line":55,"column":35},"end":{"line":55,"column":39}},"10":{"start":{"line":57,"column":4},"end":{"line":95,"column":6}},"11":{"start":{"line":57,"column":21},"end":{"line":95,"column":5}},"12":{"start":{"line":58,"column":27},"end":{"line":58,"column":32}},"13":{"start":{"line":59,"column":23},"end":{"line":59,"column":29}},"14":{"start":{"line":60,"column":62},"end":{"line":60,"column":71}},"15":{"start":{"line":61,"column":20},"end":{"line":61,"column":74}},"16":{"start":{"line":62,"column":6},"end":{"line":64,"column":7}},"17":{"start":{"line":63,"column":8},"end":{"line":63,"column":58}},"18":{"start":{"line":65,"column":6},"end":{"line":92,"column":7}},"19":{"start":{"line":66,"column":8},"end":{"line":69,"column":10}},"20":{"start":{"line":67,"column":10},"end":{"line":67,"column":59}},"21":{"start":{"line":68,"column":10},"end":{"line":68,"column":53}},"22":{"start":{"line":71,"column":8},"end":{"line":74,"column":10}},"23":{"start":{"line":72,"column":10},"end":{"line":72,"column":52}},"24":{"start":{"line":73,"column":10},"end":{"line":73,"column":54}},"25":{"start":{"line":76,"column":8},"end":{"line":85,"column":10}},"26":{"start":{"line":77,"column":10},"end":{"line":77,"column":44}},"27":{"start":{"line":78,"column":27},"end":{"line":78,"column":32}},"28":{"start":{"line":79,"column":45},"end":{"line":79,"column":61}},"29":{"start":{"line":80,"column":35},"end":{"line":80,"column":40}},"30":{"start":{"line":81,"column":10},"end":{"line":84,"column":13}},"31":{"start":{"line":87,"column":8},"end":{"line":91,"column":10}},"32":{"start":{"line":88,"column":10},"end":{"line":88,"column":54}},"33":{"start":{"line":89,"column":10},"end":{"line":89,"column":54}},"34":{"start":{"line":90,"column":10},"end":{"line":90,"column":24}},"35":{"start":{"line":94,"column":6},"end":{"line":94,"column":19}},"36":{"start":{"line":50,"column":13},"end":{"line":50,"column":36}}},"fnMap":{"0":{"name":"(anonymous_1)","decl":{"start":{"line":50,"column":36},"end":{"line":50,"column":null}},"loc":{"start":{"line":53,"column":16},"end":{"line":97,"column":1}}},"1":{"name":"(anonymous_2)","decl":{"start":{"line":54,"column":10},"end":{"line":54,"column":11}},"loc":{"start":{"line":54,"column":59},"end":{"line":96,"column":3}}},"2":{"name":"(anonymous_3)","decl":{"start":{"line":57,"column":11},"end":{"line":57,"column":12}},"loc":{"start":{"line":57,"column":21},"end":{"line":95,"column":5}}},"3":{"name":"(anonymous_4)","decl":{"start":{"line":57,"column":21},"end":{"line":57,"column":22}},"loc":{"start":{"line":57,"column":48},"end":{"line":95,"column":5}}},"4":{"name":"(anonymous_5)","decl":{"start":{"line":66,"column":24},"end":{"line":66,"column":25}},"loc":{"start":{"line":66,"column":34},"end":{"line":69,"column":9}}},"5":{"name":"(anonymous_6)","decl":{"start":{"line":71,"column":25},"end":{"line":71,"column":26}},"loc":{"start":{"line":71,"column":35},"end":{"line":74,"column":9}}},"6":{"name":"(anonymous_7)","decl":{"start":{"line":76,"column":27},"end":{"line":76,"column":28}},"loc":{"start":{"line":76,"column":37},"end":{"line":85,"column":9}}},"7":{"name":"(anonymous_8)","decl":{"start":{"line":87,"column":25},"end":{"line":87,"column":26}},"loc":{"start":{"line":87,"column":35},"end":{"line":91,"column":9}}}},"branchMap":{"0":{"loc":{"start":{"line":61,"column":20},"end":{"line":61,"column":74}},"type":"binary-expr","locations":[{"start":{"line":61,"column":20},"end":{"line":61,"column":68}},{"start":{"line":61,"column":72},"end":{"line":61,"column":74}}]},"1":{"loc":{"start":{"line":61,"column":20},"end":{"line":61,"column":68}},"type":"cond-expr","locations":[{"start":{"line":61,"column":44},"end":{"line":61,"column":46}},{"start":{"line":61,"column":44},"end":{"line":61,"column":68}}]},"2":{"loc":{"start":{"line":61,"column":20},"end":{"line":61,"column":46}},"type":"binary-expr","locations":[{"start":{"line":61,"column":20},"end":{"line":61,"column":46}},{"start":{"line":61,"column":44},"end":{"line":61,"column":46}}]},"3":{"loc":{"start":{"line":61,"column":20},"end":{"line":61,"column":44}},"type":"cond-expr","locations":[{"start":{"line":61,"column":31},"end":{"line":61,"column":33}},{"start":{"line":61,"column":31},"end":{"line":61,"column":44}}]},"4":{"loc":{"start":{"line":61,"column":20},"end":{"line":61,"column":33}},"type":"binary-expr","locations":[{"start":{"line":61,"column":20},"end":{"line":61,"column":33}},{"start":{"line":61,"column":31},"end":{"line":61,"column":33}}]},"5":{"loc":{"start":{"line":62,"column":6},"end":{"line":64,"column":7}},"type":"if","locations":[{"start":{"line":62,"column":6},"end":{"line":64,"column":7}}]},"6":{"loc":{"start":{"line":62,"column":10},"end":{"line":62,"column":34}},"type":"binary-expr","locations":[{"start":{"line":62,"column":10},"end":{"line":62,"column":25}},{"start":{"line":62,"column":29},"end":{"line":62,"column":34}}]},"7":{"loc":{"start":{"line":65,"column":6},"end":{"line":92,"column":7}},"type":"if","locations":[{"start":{"line":65,"column":6},"end":{"line":92,"column":7}}]}},"s":{"0":1,"1":1,"2":1,"3":1,"4":1,"5":1,"6":1,"7":1,"8":0,"9":0,"10":0,"11":0,"12":0,"13":0,"14":0,"15":0,"16":0,"17":0,"18":0,"19":0,"20":0,"21":0,"22":0,"23":0,"24":0,"25":0,"26":0,"27":0,"28":0,"29":0,"30":0,"31":0,"32":0,"33":0,"34":0,"35":0,"36":1},"f":{"0":0,"1":0,"2":0,"3":0,"4":0,"5":0,"6":0,"7":0},"b":{"0":[0,0],"1":[0,0],"2":[0,0],"3":[0,0],"4":[0,0],"5":[0],"6":[0,0],"7":[0]}}
,"/Users/harikomi/Documents/Project/burger-restaurant/src/services/reducers/burger-constructor.ts": {"path":"/Users/harikomi/Documents/Project/burger-restaurant/src/services/reducers/burger-constructor.ts","statementMap":{"0":{"start":{"line":2,"column":0},"end":{"line":2,"column":null}},"1":{"start":{"line":16,"column":13},"end":{"line":19,"column":2}},"2":{"start":{"line":21,"column":33},"end":{"line":54,"column":1}},"3":{"start":{"line":22,"column":2},"end":{"line":53,"column":3}},"4":{"start":{"line":24,"column":6},"end":{"line":26,"column":null}},"5":{"start":{"line":30,"column":6},"end":{"line":32,"column":null}},"6":{"start":{"line":36,"column":6},"end":{"line":38,"column":null}},"7":{"start":{"line":42,"column":6},"end":{"line":44,"column":null}},"8":{"start":{"line":48,"column":6},"end":{"line":48,"column":19}},"9":{"start":{"line":51,"column":6},"end":{"line":51,"column":19}},"10":{"start":{"line":21,"column":13},"end":{"line":21,"column":33}}},"fnMap":{"0":{"name":"(anonymous_0)","decl":{"start":{"line":21,"column":33},"end":{"line":21,"column":34}},"loc":{"start":{"line":21,"column":93},"end":{"line":54,"column":1}}}},"branchMap":{"0":{"loc":{"start":{"line":21,"column":34},"end":{"line":21,"column":54}},"type":"default-arg","locations":[{"start":{"line":21,"column":42},"end":{"line":21,"column":54}}]},"1":{"loc":{"start":{"line":22,"column":2},"end":{"line":53,"column":3}},"type":"switch","locations":[{"start":{"line":23,"column":4},"end":{"line":28,"column":5}},{"start":{"line":29,"column":4},"end":{"line":34,"column":5}},{"start":{"line":35,"column":4},"end":{"line":40,"column":5}},{"start":{"line":41,"column":4},"end":{"line":46,"column":5}},{"start":{"line":47,"column":4},"end":{"line":49,"column":5}},{"start":{"line":50,"column":4},"end":{"line":52,"column":5}}]}},"s":{"0":1,"1":1,"2":1,"3":6,"4":1,"5":1,"6":1,"7":1,"8":1,"9":1,"10":1},"f":{"0":6},"b":{"0":[6],"1":[1,1,1,1,1,1]}}
,"/Users/harikomi/Documents/Project/burger-restaurant/src/services/reducers/form.ts": {"path":"/Users/harikomi/Documents/Project/burger-restaurant/src/services/reducers/form.ts","statementMap":{"0":{"start":{"line":1,"column":0},"end":{"line":1,"column":null}},"1":{"start":{"line":29,"column":13},"end":{"line":42,"column":2}},"2":{"start":{"line":44,"column":20},"end":{"line":106,"column":1}},"3":{"start":{"line":45,"column":2},"end":{"line":105,"column":3}},"4":{"start":{"line":47,"column":6},"end":{"line":49,"column":null}},"5":{"start":{"line":53,"column":6},"end":{"line":62,"column":null}},"6":{"start":{"line":66,"column":6},"end":{"line":71,"column":null}},"7":{"start":{"line":75,"column":6},"end":{"line":79,"column":null}},"8":{"start":{"line":84,"column":6},"end":{"line":88,"column":null}},"9":{"start":{"line":93,"column":6},"end":{"line":96,"column":null}},"10":{"start":{"line":100,"column":6},"end":{"line":100,"column":26}},"11":{"start":{"line":103,"column":6},"end":{"line":103,"column":19}},"12":{"start":{"line":44,"column":13},"end":{"line":44,"column":20}}},"fnMap":{"0":{"name":"(anonymous_0)","decl":{"start":{"line":44,"column":20},"end":{"line":44,"column":21}},"loc":{"start":{"line":44,"column":68},"end":{"line":106,"column":1}}}},"branchMap":{"0":{"loc":{"start":{"line":44,"column":21},"end":{"line":44,"column":41}},"type":"default-arg","locations":[{"start":{"line":44,"column":29},"end":{"line":44,"column":41}}]},"1":{"loc":{"start":{"line":45,"column":2},"end":{"line":105,"column":3}},"type":"switch","locations":[{"start":{"line":46,"column":4},"end":{"line":51,"column":5}},{"start":{"line":52,"column":4},"end":{"line":64,"column":5}},{"start":{"line":65,"column":4},"end":{"line":73,"column":5}},{"start":{"line":74,"column":4},"end":{"line":82,"column":5}},{"start":{"line":83,"column":4},"end":{"line":91,"column":5}},{"start":{"line":92,"column":4},"end":{"line":98,"column":5}},{"start":{"line":99,"column":4},"end":{"line":101,"column":5}},{"start":{"line":102,"column":4},"end":{"line":104,"column":5}}]}},"s":{"0":1,"1":1,"2":1,"3":12,"4":1,"5":2,"6":3,"7":1,"8":2,"9":1,"10":1,"11":1,"12":1},"f":{"0":12},"b":{"0":[12],"1":[1,2,3,1,2,1,1,1]}}
,"/Users/harikomi/Documents/Project/burger-restaurant/src/services/reducers/ingredient-detail.ts": {"path":"/Users/harikomi/Documents/Project/burger-restaurant/src/services/reducers/ingredient-detail.ts","statementMap":{"0":{"start":{"line":2,"column":0},"end":{"line":2,"column":null}},"1":{"start":{"line":29,"column":13},"end":{"line":36,"column":2}},"2":{"start":{"line":38,"column":32},"end":{"line":88,"column":1}},"3":{"start":{"line":42,"column":2},"end":{"line":87,"column":3}},"4":{"start":{"line":44,"column":6},"end":{"line":48,"column":null}},"5":{"start":{"line":52,"column":6},"end":{"line":55,"column":null}},"6":{"start":{"line":59,"column":6},"end":{"line":61,"column":null}},"7":{"start":{"line":65,"column":6},"end":{"line":67,"column":null}},"8":{"start":{"line":71,"column":6},"end":{"line":74,"column":null}},"9":{"start":{"line":78,"column":6},"end":{"line":81,"column":null}},"10":{"start":{"line":85,"column":6},"end":{"line":85,"column":19}},"11":{"start":{"line":38,"column":13},"end":{"line":38,"column":32}}},"fnMap":{"0":{"name":"(anonymous_0)","decl":{"start":{"line":38,"column":32},"end":{"line":38,"column":null}},"loc":{"start":{"line":41,"column":4},"end":{"line":88,"column":1}}}},"branchMap":{"0":{"loc":{"start":{"line":39,"column":2},"end":{"line":39,"column":22}},"type":"default-arg","locations":[{"start":{"line":39,"column":10},"end":{"line":39,"column":22}}]},"1":{"loc":{"start":{"line":42,"column":2},"end":{"line":87,"column":3}},"type":"switch","locations":[{"start":{"line":43,"column":4},"end":{"line":50,"column":5}},{"start":{"line":51,"column":4},"end":{"line":57,"column":5}},{"start":{"line":58,"column":4},"end":{"line":63,"column":5}},{"start":{"line":64,"column":4},"end":{"line":69,"column":5}},{"start":{"line":70,"column":4},"end":{"line":76,"column":5}},{"start":{"line":77,"column":4},"end":{"line":83,"column":5}},{"start":{"line":84,"column":4},"end":{"line":86,"column":5}}]}},"s":{"0":1,"1":1,"2":1,"3":9,"4":3,"5":1,"6":1,"7":1,"8":1,"9":1,"10":1,"11":1},"f":{"0":9},"b":{"0":[9],"1":[3,1,1,1,1,1,1]}}
,"/Users/harikomi/Documents/Project/burger-restaurant/src/services/reducers/ingredients.ts": {"path":"/Users/harikomi/Documents/Project/burger-restaurant/src/services/reducers/ingredients.ts","statementMap":{"0":{"start":{"line":2,"column":0},"end":{"line":2,"column":null}},"1":{"start":{"line":15,"column":13},"end":{"line":19,"column":2}},"2":{"start":{"line":21,"column":27},"end":{"line":47,"column":1}},"3":{"start":{"line":22,"column":2},"end":{"line":46,"column":3}},"4":{"start":{"line":24,"column":6},"end":{"line":26,"column":null}},"5":{"start":{"line":30,"column":6},"end":{"line":33,"column":null}},"6":{"start":{"line":37,"column":6},"end":{"line":40,"column":null}},"7":{"start":{"line":44,"column":6},"end":{"line":44,"column":19}},"8":{"start":{"line":21,"column":13},"end":{"line":21,"column":27}}},"fnMap":{"0":{"name":"(anonymous_0)","decl":{"start":{"line":21,"column":27},"end":{"line":21,"column":28}},"loc":{"start":{"line":21,"column":74},"end":{"line":47,"column":1}}}},"branchMap":{"0":{"loc":{"start":{"line":21,"column":28},"end":{"line":21,"column":48}},"type":"default-arg","locations":[{"start":{"line":21,"column":36},"end":{"line":21,"column":48}}]},"1":{"loc":{"start":{"line":22,"column":2},"end":{"line":46,"column":3}},"type":"switch","locations":[{"start":{"line":23,"column":4},"end":{"line":28,"column":5}},{"start":{"line":29,"column":4},"end":{"line":35,"column":5}},{"start":{"line":36,"column":4},"end":{"line":42,"column":5}},{"start":{"line":43,"column":4},"end":{"line":45,"column":5}}]}},"s":{"0":1,"1":1,"2":1,"3":4,"4":1,"5":1,"6":1,"7":1,"8":1},"f":{"0":4},"b":{"0":[4],"1":[1,1,1,1]}}
,"/Users/harikomi/Documents/Project/burger-restaurant/src/services/reducers/order-detail.ts": {"path":"/Users/harikomi/Documents/Project/burger-restaurant/src/services/reducers/order-detail.ts","statementMap":{"0":{"start":{"line":1,"column":0},"end":{"line":1,"column":null}},"1":{"start":{"line":21,"column":13},"end":{"line":25,"column":2}},"2":{"start":{"line":27,"column":27},"end":{"line":60,"column":1}},"3":{"start":{"line":28,"column":2},"end":{"line":59,"column":3}},"4":{"start":{"line":30,"column":6},"end":{"line":32,"column":null}},"5":{"start":{"line":36,"column":6},"end":{"line":40,"column":null}},"6":{"start":{"line":44,"column":6},"end":{"line":47,"column":null}},"7":{"start":{"line":51,"column":6},"end":{"line":53,"column":null}},"8":{"start":{"line":57,"column":6},"end":{"line":57,"column":19}},"9":{"start":{"line":27,"column":13},"end":{"line":27,"column":27}}},"fnMap":{"0":{"name":"(anonymous_0)","decl":{"start":{"line":27,"column":27},"end":{"line":27,"column":28}},"loc":{"start":{"line":27,"column":74},"end":{"line":60,"column":1}}}},"branchMap":{"0":{"loc":{"start":{"line":27,"column":28},"end":{"line":27,"column":48}},"type":"default-arg","locations":[{"start":{"line":27,"column":36},"end":{"line":27,"column":48}}]},"1":{"loc":{"start":{"line":28,"column":2},"end":{"line":59,"column":3}},"type":"switch","locations":[{"start":{"line":29,"column":4},"end":{"line":34,"column":5}},{"start":{"line":35,"column":4},"end":{"line":42,"column":5}},{"start":{"line":43,"column":4},"end":{"line":49,"column":5}},{"start":{"line":50,"column":4},"end":{"line":55,"column":5}},{"start":{"line":56,"column":4},"end":{"line":58,"column":5}}]}},"s":{"0":1,"1":1,"2":1,"3":5,"4":1,"5":1,"6":1,"7":1,"8":1,"9":1},"f":{"0":5},"b":{"0":[5],"1":[1,1,1,1,1]}}
,"/Users/harikomi/Documents/Project/burger-restaurant/src/services/reducers/websocket.ts": {"path":"/Users/harikomi/Documents/Project/burger-restaurant/src/services/reducers/websocket.ts","statementMap":{"0":{"start":{"line":2,"column":0},"end":{"line":2,"column":null}},"1":{"start":{"line":17,"column":13},"end":{"line":20,"column":2}},"2":{"start":{"line":22,"column":25},"end":{"line":51,"column":1}},"3":{"start":{"line":23,"column":2},"end":{"line":50,"column":3}},"4":{"start":{"line":25,"column":6},"end":{"line":28,"column":null}},"5":{"start":{"line":31,"column":6},"end":{"line":34,"column":null}},"6":{"start":{"line":37,"column":6},"end":{"line":40,"column":null}},"7":{"start":{"line":43,"column":6},"end":{"line":46,"column":null}},"8":{"start":{"line":49,"column":6},"end":{"line":49,"column":19}},"9":{"start":{"line":22,"column":13},"end":{"line":22,"column":25}}},"fnMap":{"0":{"name":"(anonymous_0)","decl":{"start":{"line":22,"column":25},"end":{"line":22,"column":26}},"loc":{"start":{"line":22,"column":70},"end":{"line":51,"column":1}}}},"branchMap":{"0":{"loc":{"start":{"line":22,"column":26},"end":{"line":22,"column":46}},"type":"default-arg","locations":[{"start":{"line":22,"column":34},"end":{"line":22,"column":46}}]},"1":{"loc":{"start":{"line":23,"column":2},"end":{"line":50,"column":3}},"type":"switch","locations":[{"start":{"line":24,"column":4},"end":{"line":28,"column":null}},{"start":{"line":30,"column":4},"end":{"line":34,"column":null}},{"start":{"line":36,"column":4},"end":{"line":40,"column":null}},{"start":{"line":42,"column":4},"end":{"line":46,"column":null}},{"start":{"line":48,"column":4},"end":{"line":49,"column":19}}]}},"s":{"0":1,"1":1,"2":1,"3":5,"4":1,"5":1,"6":1,"7":1,"8":1,"9":1},"f":{"0":5},"b":{"0":[5],"1":[1,1,1,1,1]}}
,"/Users/harikomi/Documents/Project/burger-restaurant/src/services/reducers/websocketUser.ts": {"path":"/Users/harikomi/Documents/Project/burger-restaurant/src/services/reducers/websocketUser.ts","statementMap":{"0":{"start":{"line":2,"column":0},"end":{"line":2,"column":186}},"1":{"start":{"line":11,"column":13},"end":{"line":14,"column":2}},"2":{"start":{"line":16,"column":29},"end":{"line":48,"column":1}},"3":{"start":{"line":17,"column":2},"end":{"line":47,"column":3}},"4":{"start":{"line":19,"column":6},"end":{"line":23,"column":null}},"5":{"start":{"line":26,"column":6},"end":{"line":29,"column":null}},"6":{"start":{"line":32,"column":6},"end":{"line":36,"column":null}},"7":{"start":{"line":39,"column":6},"end":{"line":42,"column":null}},"8":{"start":{"line":46,"column":6},"end":{"line":46,"column":19}},"9":{"start":{"line":16,"column":13},"end":{"line":16,"column":29}}},"fnMap":{"0":{"name":"(anonymous_0)","decl":{"start":{"line":16,"column":29},"end":{"line":16,"column":30}},"loc":{"start":{"line":16,"column":78},"end":{"line":48,"column":1}}}},"branchMap":{"0":{"loc":{"start":{"line":16,"column":30},"end":{"line":16,"column":50}},"type":"default-arg","locations":[{"start":{"line":16,"column":38},"end":{"line":16,"column":50}}]},"1":{"loc":{"start":{"line":17,"column":2},"end":{"line":47,"column":3}},"type":"switch","locations":[{"start":{"line":18,"column":4},"end":{"line":23,"column":null}},{"start":{"line":25,"column":4},"end":{"line":29,"column":null}},{"start":{"line":31,"column":4},"end":{"line":36,"column":null}},{"start":{"line":38,"column":4},"end":{"line":42,"column":null}},{"start":{"line":45,"column":4},"end":{"line":46,"column":19}}]}},"s":{"0":1,"1":1,"2":1,"3":5,"4":1,"5":1,"6":1,"7":1,"8":1,"9":1},"f":{"0":5},"b":{"0":[5],"1":[1,1,1,1,1]}}
,"/Users/harikomi/Documents/Project/burger-restaurant/src/utils/constants.ts": {"path":"/Users/harikomi/Documents/Project/burger-restaurant/src/utils/constants.ts","statementMap":{"0":{"start":{"line":1,"column":13},"end":{"line":1,"column":65}}},"fnMap":{},"branchMap":{},"s":{"0":4},"f":{},"b":{}}
,"/Users/harikomi/Documents/Project/burger-restaurant/src/utils/getCookieValue.ts": {"path":"/Users/harikomi/Documents/Project/burger-restaurant/src/utils/getCookieValue.ts","statementMap":{"0":{"start":{"line":1,"column":0},"end":{"line":1,"column":16}},"1":{"start":{"line":2,"column":2},"end":{"line":14,"column":6}},"2":{"start":{"line":9,"column":30},"end":{"line":9,"column":45}},"3":{"start":{"line":10,"column":8},"end":{"line":10,"column":26}},"4":{"start":{"line":11,"column":8},"end":{"line":11,"column":19}}},"fnMap":{"0":{"name":"getCookie","decl":{"start":{"line":1,"column":16},"end":{"line":1,"column":25}},"loc":{"start":{"line":1,"column":25},"end":{"line":15,"column":1}}},"1":{"name":"(anonymous_1)","decl":{"start":{"line":5,"column":6},"end":{"line":5,"column":null}},"loc":{"start":{"line":8,"column":37},"end":{"line":12,"column":7}}}},"branchMap":{},"s":{"0":3,"1":0,"2":0,"3":0,"4":0},"f":{"0":0,"1":0},"b":{}}
,"/Users/harikomi/Documents/Project/burger-restaurant/src/utils/request.ts": {"path":"/Users/harikomi/Documents/Project/burger-restaurant/src/utils/request.ts","statementMap":{"0":{"start":{"line":35,"column":0},"end":{"line":35,"column":22}},"1":{"start":{"line":1,"column":0},"end":{"line":1,"column":39}},"2":{"start":{"line":28,"column":2},"end":{"line":30,"column":3}},"3":{"start":{"line":29,"column":4},"end":{"line":29,"column":22}},"4":{"start":{"line":31,"column":2},"end":{"line":31,"column":36}},"5":{"start":{"line":39,"column":14},"end":{"line":39,"column":51}},"6":{"start":{"line":40,"column":15},"end":{"line":40,"column":39}},"7":{"start":{"line":41,"column":2},"end":{"line":41,"column":19}}},"fnMap":{"0":{"name":"checkResponse","decl":{"start":{"line":27,"column":9},"end":{"line":27,"column":22}},"loc":{"start":{"line":27,"column":36},"end":{"line":32,"column":1}}},"1":{"name":"request","decl":{"start":{"line":35,"column":22},"end":{"line":35,"column":29}},"loc":{"start":{"line":37,"column":22},"end":{"line":42,"column":null}}}},"branchMap":{"0":{"loc":{"start":{"line":28,"column":2},"end":{"line":30,"column":3}},"type":"if","locations":[{"start":{"line":28,"column":2},"end":{"line":30,"column":3}}]}},"s":{"0":4,"1":4,"2":0,"3":0,"4":0,"5":0,"6":0,"7":0},"f":{"0":0,"1":0},"b":{"0":[0]}}
}
