TN:
SF:src/services/actions/burger-constructor.ts
FN:37,(anonymous_0)
FNF:1
FNH:0
FNDA:0,(anonymous_0)
DA:1,1
DA:3,1
DA:4,1
DA:5,1
DA:7,1
DA:9,1
DA:37,1
DA:38,0
LF:8
LH:7
BRF:0
BRH:0
end_of_record
TN:
SF:src/services/actions/form.ts
FN:66,(anonymous_0)
FN:76,(anonymous_1)
FN:76,(anonymous_2)
FN:88,(anonymous_3)
FN:97,(anonymous_4)
FN:106,(anonymous_5)
FN:106,(anonymous_6)
FN:117,(anonymous_7)
FN:127,(anonymous_8)
FN:136,(anonymous_9)
FN:136,(anonymous_10)
FN:148,(anonymous_11)
FN:157,(anonymous_12)
FN:167,(anonymous_13)
FN:167,(anonymous_14)
FN:178,(anonymous_15)
FN:186,(anonymous_16)
FN:194,(anonymous_17)
FN:194,(anonymous_18)
FN:207,(anonymous_19)
FN:216,(anonymous_20)
FN:224,(anonymous_21)
FN:224,(anonymous_22)
FN:236,(anonymous_23)
FN:246,(anonymous_24)
FN:255,(anonymous_25)
FN:255,(anonymous_26)
FN:269,(anonymous_27)
FN:279,(anonymous_28)
FNF:29
FNH:0
FNDA:0,(anonymous_0)
FNDA:0,(anonymous_1)
FNDA:0,(anonymous_2)
FNDA:0,(anonymous_3)
FNDA:0,(anonymous_4)
FNDA:0,(anonymous_5)
FNDA:0,(anonymous_6)
FNDA:0,(anonymous_7)
FNDA:0,(anonymous_8)
FNDA:0,(anonymous_9)
FNDA:0,(anonymous_10)
FNDA:0,(anonymous_11)
FNDA:0,(anonymous_12)
FNDA:0,(anonymous_13)
FNDA:0,(anonymous_14)
FNDA:0,(anonymous_15)
FNDA:0,(anonymous_16)
FNDA:0,(anonymous_17)
FNDA:0,(anonymous_18)
FNDA:0,(anonymous_19)
FNDA:0,(anonymous_20)
FNDA:0,(anonymous_21)
FNDA:0,(anonymous_22)
FNDA:0,(anonymous_23)
FNDA:0,(anonymous_24)
FNDA:0,(anonymous_25)
FNDA:0,(anonymous_26)
FNDA:0,(anonymous_27)
FNDA:0,(anonymous_28)
DA:1,1
DA:2,1
DA:5,1
DA:7,1
DA:8,1
DA:9,1
DA:11,1
DA:14,1
DA:15,1
DA:17,1
DA:66,1
DA:69,0
DA:75,1
DA:76,1
DA:77,0
DA:81,0
DA:89,0
DA:94,0
DA:95,0
DA:98,0
DA:105,1
DA:106,1
DA:107,0
DA:110,0
DA:118,0
DA:122,0
DA:123,0
DA:124,0
DA:125,0
DA:128,0
DA:135,1
DA:136,1
DA:137,0
DA:140,0
DA:141,0
DA:149,0
DA:153,0
DA:154,0
DA:155,0
DA:158,0
DA:166,1
DA:167,1
DA:168,0
DA:171,0
DA:179,0
DA:183,0
DA:184,0
DA:187,0
DA:194,1
DA:195,0
DA:197,0
DA:200,0
DA:208,0
DA:211,0
DA:212,0
DA:213,0
DA:214,0
DA:217,0
DA:224,1
DA:225,0
DA:226,0
DA:229,0
DA:237,0
DA:242,0
DA:243,0
DA:244,0
DA:247,0
DA:254,1
DA:255,1
DA:256,0
DA:257,0
DA:258,0
DA:261,0
DA:270,0
DA:274,0
DA:280,0
DA:286,0
LF:77
LH:23
BRDA:140,0,0,0
BRDA:257,1,0,0
BRDA:257,1,1,0
BRF:3
BRH:0
end_of_record
TN:
SF:src/services/actions/ingredient-detail.ts
FN:46,(anonymous_0)
FN:46,(anonymous_1)
FN:51,(anonymous_2)
FN:63,(anonymous_3)
FNF:4
FNH:0
FNDA:0,(anonymous_0)
FNDA:0,(anonymous_1)
FNDA:0,(anonymous_2)
FNDA:0,(anonymous_3)
DA:2,1
DA:4,1
DA:6,1
DA:8,1
DA:10,1
DA:11,1
DA:12,1
DA:46,1
DA:47,0
DA:50,0
DA:52,0
DA:53,0
DA:58,0
DA:64,0
LF:14
LH:8
BRDA:52,0,0,0
BRDA:52,0,1,0
BRF:2
BRH:0
end_of_record
TN:
SF:src/services/actions/ingredients.ts
FN:27,(anonymous_0)
FN:27,(anonymous_1)
FN:32,(anonymous_2)
FN:45,(anonymous_3)
FNF:4
FNH:0
FNDA:0,(anonymous_0)
FNDA:0,(anonymous_1)
FNDA:0,(anonymous_2)
FNDA:0,(anonymous_3)
DA:1,1
DA:3,1
DA:5,1
DA:7,1
DA:27,1
DA:28,0
DA:31,0
DA:33,0
DA:34,0
DA:35,0
DA:40,0
DA:46,0
LF:12
LH:5
BRDA:33,0,0,0
BRDA:33,0,1,0
BRF:2
BRH:0
end_of_record
TN:
SF:src/services/actions/order-detail.ts
FN:34,(anonymous_0)
FN:34,(anonymous_1)
FN:47,(anonymous_2)
FN:56,(anonymous_3)
FNF:4
FNH:0
FNDA:0,(anonymous_0)
FNDA:0,(anonymous_1)
FNDA:0,(anonymous_2)
FNDA:0,(anonymous_3)
DA:1,1
DA:2,1
DA:4,1
DA:5,1
DA:6,1
DA:7,1
DA:33,1
DA:34,1
DA:35,0
DA:36,0
DA:39,0
DA:48,0
DA:49,0
DA:51,0
DA:57,0
LF:15
LH:8
BRDA:48,0,0,0
BRF:1
BRH:0
end_of_record
TN:
SF:src/services/actions/websocket.ts
FN:45,(anonymous_1)
FN:49,(anonymous_2)
FN:52,(anonymous_3)
FN:52,(anonymous_4)
FN:61,(anonymous_5)
FN:66,(anonymous_6)
FN:71,(anonymous_7)
FN:82,(anonymous_8)
FNF:8
FNH:0
FNDA:0,(anonymous_1)
FNDA:0,(anonymous_2)
FNDA:0,(anonymous_3)
FNDA:0,(anonymous_4)
FNDA:0,(anonymous_5)
FNDA:0,(anonymous_6)
FNDA:0,(anonymous_7)
FNDA:0,(anonymous_8)
DA:1,1
DA:2,1
DA:3,1
DA:4,1
DA:5,1
DA:6,1
DA:45,1
DA:49,0
DA:50,0
DA:52,0
DA:53,0
DA:54,0
DA:56,0
DA:57,0
DA:58,0
DA:60,0
DA:61,0
DA:62,0
DA:63,0
DA:66,0
DA:67,0
DA:68,0
DA:71,0
DA:72,0
DA:73,0
DA:74,0
DA:75,0
DA:76,0
DA:82,0
DA:83,0
DA:84,0
DA:85,0
DA:89,0
LF:33
LH:7
BRDA:57,0,0,0
BRDA:60,1,0,0
BRF:2
BRH:0
end_of_record
TN:
SF:src/services/actions/websocketUser.ts
FN:50,(anonymous_1)
FN:54,(anonymous_2)
FN:57,(anonymous_3)
FN:57,(anonymous_4)
FN:66,(anonymous_5)
FN:71,(anonymous_6)
FN:76,(anonymous_7)
FN:87,(anonymous_8)
FNF:8
FNH:0
FNDA:0,(anonymous_1)
FNDA:0,(anonymous_2)
FNDA:0,(anonymous_3)
FNDA:0,(anonymous_4)
FNDA:0,(anonymous_5)
FNDA:0,(anonymous_6)
FNDA:0,(anonymous_7)
FNDA:0,(anonymous_8)
DA:1,1
DA:3,1
DA:5,1
DA:7,1
DA:9,1
DA:11,1
DA:13,1
DA:50,1
DA:54,0
DA:55,0
DA:57,0
DA:58,0
DA:59,0
DA:60,0
DA:61,0
DA:62,0
DA:63,0
DA:65,0
DA:66,0
DA:67,0
DA:68,0
DA:71,0
DA:72,0
DA:73,0
DA:76,0
DA:77,0
DA:78,0
DA:79,0
DA:80,0
DA:81,0
DA:87,0
DA:88,0
DA:89,0
DA:90,0
DA:94,0
LF:35
LH:8
BRDA:61,0,0,0
BRDA:61,0,1,0
BRDA:61,1,0,0
BRDA:61,1,1,0
BRDA:61,2,0,0
BRDA:61,2,1,0
BRDA:61,3,0,0
BRDA:61,3,1,0
BRDA:61,4,0,0
BRDA:61,4,1,0
BRDA:62,5,0,0
BRDA:62,6,0,0
BRDA:62,6,1,0
BRDA:65,7,0,0
BRF:14
BRH:0
end_of_record
TN:
SF:src/services/reducers/burger-constructor.ts
FN:21,(anonymous_0)
FNF:1
FNH:1
FNDA:6,(anonymous_0)
DA:2,1
DA:16,1
DA:21,1
DA:22,6
DA:24,1
DA:30,1
DA:36,1
DA:42,1
DA:48,1
DA:51,1
LF:10
LH:10
BRDA:21,0,0,6
BRDA:22,1,0,1
BRDA:22,1,1,1
BRDA:22,1,2,1
BRDA:22,1,3,1
BRDA:22,1,4,1
BRDA:22,1,5,1
BRF:7
BRH:7
end_of_record
TN:
SF:src/services/reducers/form.ts
FN:44,(anonymous_0)
FNF:1
FNH:1
FNDA:12,(anonymous_0)
DA:1,1
DA:29,1
DA:44,1
DA:45,12
DA:47,1
DA:53,2
DA:66,3
DA:75,1
DA:84,2
DA:93,1
DA:100,1
DA:103,1
LF:12
LH:12
BRDA:44,0,0,12
BRDA:45,1,0,1
BRDA:45,1,1,2
BRDA:45,1,2,3
BRDA:45,1,3,1
BRDA:45,1,4,2
BRDA:45,1,5,1
BRDA:45,1,6,1
BRDA:45,1,7,1
BRF:9
BRH:9
end_of_record
TN:
SF:src/services/reducers/ingredient-detail.ts
FN:38,(anonymous_0)
FNF:1
FNH:1
FNDA:9,(anonymous_0)
DA:2,1
DA:29,1
DA:38,1
DA:42,9
DA:44,3
DA:52,1
DA:59,1
DA:65,1
DA:71,1
DA:78,1
DA:85,1
LF:11
LH:11
BRDA:39,0,0,9
BRDA:42,1,0,3
BRDA:42,1,1,1
BRDA:42,1,2,1
BRDA:42,1,3,1
BRDA:42,1,4,1
BRDA:42,1,5,1
BRDA:42,1,6,1
BRF:8
BRH:8
end_of_record
TN:
SF:src/services/reducers/ingredients.ts
FN:21,(anonymous_0)
FNF:1
FNH:1
FNDA:4,(anonymous_0)
DA:2,1
DA:15,1
DA:21,1
DA:22,4
DA:24,1
DA:30,1
DA:37,1
DA:44,1
LF:8
LH:8
BRDA:21,0,0,4
BRDA:22,1,0,1
BRDA:22,1,1,1
BRDA:22,1,2,1
BRDA:22,1,3,1
BRF:5
BRH:5
end_of_record
TN:
SF:src/services/reducers/order-detail.ts
FN:27,(anonymous_0)
FNF:1
FNH:1
FNDA:5,(anonymous_0)
DA:1,1
DA:21,1
DA:27,1
DA:28,5
DA:30,1
DA:36,1
DA:44,1
DA:51,1
DA:57,1
LF:9
LH:9
BRDA:27,0,0,5
BRDA:28,1,0,1
BRDA:28,1,1,1
BRDA:28,1,2,1
BRDA:28,1,3,1
BRDA:28,1,4,1
BRF:6
BRH:6
end_of_record
TN:
SF:src/services/reducers/websocket.ts
FN:22,(anonymous_0)
FNF:1
FNH:1
FNDA:5,(anonymous_0)
DA:2,1
DA:17,1
DA:22,1
DA:23,5
DA:25,1
DA:31,1
DA:37,1
DA:43,1
DA:49,1
LF:9
LH:9
BRDA:22,0,0,5
BRDA:23,1,0,1
BRDA:23,1,1,1
BRDA:23,1,2,1
BRDA:23,1,3,1
BRDA:23,1,4,1
BRF:6
BRH:6
end_of_record
TN:
SF:src/services/reducers/websocketUser.ts
FN:16,(anonymous_0)
FNF:1
FNH:1
FNDA:5,(anonymous_0)
DA:2,1
DA:11,1
DA:16,1
DA:17,5
DA:19,1
DA:26,1
DA:32,1
DA:39,1
DA:46,1
LF:9
LH:9
BRDA:16,0,0,5
BRDA:17,1,0,1
BRDA:17,1,1,1
BRDA:17,1,2,1
BRDA:17,1,3,1
BRDA:17,1,4,1
BRF:6
BRH:6
end_of_record
TN:
SF:src/utils/constants.ts
FNF:0
FNH:0
DA:1,4
LF:1
LH:1
BRF:0
BRH:0
end_of_record
TN:
SF:src/utils/getCookieValue.ts
FN:1,getCookie
FN:5,(anonymous_1)
FNF:2
FNH:0
FNDA:0,getCookie
FNDA:0,(anonymous_1)
DA:1,3
DA:2,0
DA:9,0
DA:10,0
DA:11,0
LF:5
LH:1
BRF:0
BRH:0
end_of_record
TN:
SF:src/utils/request.ts
FN:27,checkResponse
FN:35,request
FNF:2
FNH:0
FNDA:0,checkResponse
FNDA:0,request
DA:1,4
DA:28,0
DA:29,0
DA:31,0
DA:35,4
DA:39,0
DA:40,0
DA:41,0
LF:8
LH:2
BRDA:28,0,0,0
BRF:1
BRH:0
end_of_record
